2026-06-12 10:55:43 | INFO     | trading_bot | Logging initialised. Log file: logs\trading_bot.log
2026-06-12 10:55:43 | INFO     | trading_bot.cli | CLI started with args: {'symbol': 'BTCUSDT', 'side': 'BUY', 'order_type': 'MARKET', 'quantity': '0.001', 'price': None, 'stop_price': None, 'verbose': False}
2026-06-12 10:55:43 | ERROR    | trading_bot.cli | BINANCE_API_KEY or BINANCE_API_SECRET not set in environment.
2026-06-12 10:57:57 | INFO     | trading_bot | Logging initialised. Log file: logs\trading_bot.log
2026-06-12 10:57:57 | INFO     | trading_bot.cli | CLI started with args: {'symbol': 'BTCUSDT', 'side': 'BUY', 'order_type': 'MARKET', 'quantity': '0.001', 'price': None, 'stop_price': None, 'verbose': False}
2026-06-12 10:57:57 | DEBUG    | trading_bot.validators | Symbol validated: BTCUSDT
2026-06-12 10:57:57 | DEBUG    | trading_bot.validators | Side validated: BUY
2026-06-12 10:57:57 | DEBUG    | trading_bot.validators | Order type validated: MARKET
2026-06-12 10:57:57 | DEBUG    | trading_bot.validators | Quantity validated: 0.001
2026-06-12 10:57:57 | INFO     | trading_bot.client | BinanceClient initialized. Base URL: https://testnet.binancefuture.com
2026-06-12 10:57:57 | INFO     | trading_bot.orders | Placing BUY MARKET order | symbol=BTCUSDT qty=0.001 price=None stopPrice=None
2026-06-12 10:57:57 | INFO     | trading_bot.client | POST https://testnet.binancefuture.com/fapi/v1/order | params: {'symbol': 'BTCUSDT', 'side': 'BUY', 'type': 'MARKET', 'quantity': 0.001, 'timestamp': 1781242077895}
2026-06-12 10:57:58 | ERROR    | trading_bot.client | HTTP error from Binance: 400 Client Error: Bad Request for url: https://testnet.binancefuture.com/fapi/v1/order | body: {'code': -1021, 'msg': 'Timestamp for this request is outside of the recvWindow.'}
2026-06-12 10:57:58 | ERROR    | trading_bot.cli | Order failed with BinanceAPIError: Binance API error -1021: Timestamp for this request is outside of the recvWindow.
2026-06-12 11:01:07 | INFO     | trading_bot | Logging initialised. Log file: logs\trading_bot.log
2026-06-12 11:01:07 | INFO     | trading_bot.cli | CLI started with args: {'symbol': 'BTCUSDT', 'side': 'BUY', 'order_type': 'MARKET', 'quantity': '0.001', 'price': None, 'stop_price': None, 'verbose': False}
2026-06-12 11:01:07 | DEBUG    | trading_bot.validators | Symbol validated: BTCUSDT
2026-06-12 11:01:07 | DEBUG    | trading_bot.validators | Side validated: BUY
2026-06-12 11:01:07 | DEBUG    | trading_bot.validators | Order type validated: MARKET
2026-06-12 11:01:07 | DEBUG    | trading_bot.validators | Quantity validated: 0.001
2026-06-12 11:01:07 | DEBUG    | trading_bot.client | Server time synced. Offset: 56072 ms
2026-06-12 11:01:07 | INFO     | trading_bot.client | BinanceClient initialized. Base URL: https://testnet.binancefuture.com
2026-06-12 11:01:07 | INFO     | trading_bot.orders | Placing BUY MARKET order | symbol=BTCUSDT qty=0.001 price=None stopPrice=None
2026-06-12 11:01:07 | INFO     | trading_bot.client | POST https://testnet.binancefuture.com/fapi/v1/order | params: {'symbol': 'BTCUSDT', 'side': 'BUY', 'type': 'MARKET', 'quantity': 0.001, 'timestamp': 1781242323974}
2026-06-12 11:01:08 | INFO     | trading_bot.client | Response [200]: {'orderId': 14998367027, 'symbol': 'BTCUSDT', 'status': 'NEW', 'clientOrderId': 'oCF2CRNvVI6jB2ZyZZafWx', 'price': '0.00', 'origQty': '0.0010', 'executedQty': '0.0000', 'cumQty': '0.0000', 'timeInForce': 'GTC', 'type': 'MARKET', 'reduceOnly': False, 'closePosition': False, 'side': 'BUY', 'positionSide': 'BOTH', 'stopPrice': '0.00', 'workingType': 'CONTRACT_PRICE', 'priceProtect': False, 'origType': 'MARKET', 'priceMatch': 'NONE', 'selfTradePreventionMode': 'EXPIRE_MAKER', 'goodTillDate': 0, 'updateTime': 1781242324150}
2026-06-12 11:01:08 | INFO     | trading_bot.cli | Order completed successfully. orderId=14998367027 status=NEW
2026-06-12 11:01:47 | INFO     | trading_bot | Logging initialised. Log file: logs\trading_bot.log
2026-06-12 11:01:47 | INFO     | trading_bot.cli | CLI started with args: {'symbol': 'ETHUSDT', 'side': 'SELL', 'order_type': 'LIMIT', 'quantity': '0.01', 'price': '3200', 'stop_price': None, 'verbose': False}
2026-06-12 11:01:47 | DEBUG    | trading_bot.validators | Symbol validated: ETHUSDT
2026-06-12 11:01:47 | DEBUG    | trading_bot.validators | Side validated: SELL
2026-06-12 11:01:47 | DEBUG    | trading_bot.validators | Order type validated: LIMIT
2026-06-12 11:01:47 | DEBUG    | trading_bot.validators | Quantity validated: 0.01
2026-06-12 11:01:47 | DEBUG    | trading_bot.validators | Price validated: 3200.0
2026-06-12 11:01:48 | DEBUG    | trading_bot.client | Server time synced. Offset: 56088 ms
2026-06-12 11:01:48 | INFO     | trading_bot.client | BinanceClient initialized. Base URL: https://testnet.binancefuture.com
2026-06-12 11:01:48 | INFO     | trading_bot.orders | Placing SELL LIMIT order | symbol=ETHUSDT qty=0.01 price=3200.0 stopPrice=None
2026-06-12 11:01:48 | INFO     | trading_bot.client | POST https://testnet.binancefuture.com/fapi/v1/order | params: {'symbol': 'ETHUSDT', 'side': 'SELL', 'type': 'LIMIT', 'quantity': 0.01, 'price': 3200.0, 'timeInForce': 'GTC', 'timestamp': 1781242364540}
2026-06-12 11:01:48 | INFO     | trading_bot.client | Response [200]: {'orderId': 9633745500, 'symbol': 'ETHUSDT', 'status': 'NEW', 'clientOrderId': '08Ekwc5fRVFvADvJWxH5kx', 'price': '3200.00', 'origQty': '0.010', 'executedQty': '0.000', 'cumQty': '0.000', 'timeInForce': 'GTC', 'type': 'LIMIT', 'reduceOnly': False, 'closePosition': False, 'side': 'SELL', 'positionSide': 'BOTH', 'stopPrice': '0.00', 'workingType': 'CONTRACT_PRICE', 'priceProtect': False, 'origType': 'LIMIT', 'priceMatch': 'NONE', 'selfTradePreventionMode': 'EXPIRE_MAKER', 'goodTillDate': 0, 'updateTime': 1781242364700}
2026-06-12 11:01:48 | INFO     | trading_bot.cli | Order completed successfully. orderId=9633745500 status=NEW
